<?xml version="1.0" encoding="UTF-8"?>
<testng-results ignored="0" total="3" passed="3" failed="0" skipped="0">
  <reporter-output>
  </reporter-output>
  <suite started-at="2024-09-19T14:41:52Z" name="Default suite" finished-at="2024-09-19T14:43:10Z" duration-ms="78150">
    <groups>
    </groups>
    <test started-at="2024-09-19T14:41:52Z" name="Default test" finished-at="2024-09-19T14:43:10Z" duration-ms="78150">
      <class name="LoginData.LoginWithCorrectInfo">
        <test-method signature="loginwithCorrectInfoPassword(java.lang.String, java.lang.String)[pri:0, instance:LoginData.LoginWithCorrectInfo@7c214cc0]" started-at="2024-09-19T14:41:52Z" name="loginwithCorrectInfoPassword" data-provider="logindata" finished-at="2024-09-19T14:42:33Z" duration-ms="41182" status="PASS">
          <params>
            <param index="0">
              <value>
                <![CDATA[Admin]]>
              </value>
            </param>
            <param index="1">
              <value>
                <![CDATA[admin123]]>
              </value>
            </param>
          </params>
          <reporter-output>
          </reporter-output>
        </test-method> <!-- loginwithCorrectInfoPassword -->
        <test-method signature="loginwithCorrectInfoPassword(java.lang.String, java.lang.String)[pri:0, instance:LoginData.LoginWithCorrectInfo@7c214cc0]" started-at="2024-09-19T14:42:33Z" name="loginwithCorrectInfoPassword" data-provider="logindata" finished-at="2024-09-19T14:42:54Z" duration-ms="21116" status="PASS">
          <params>
            <param index="0">
              <value>
                <![CDATA[Admin]]>
              </value>
            </param>
            <param index="1">
              <value>
                <![CDATA[admin]]>
              </value>
            </param>
          </params>
          <reporter-output>
          </reporter-output>
        </test-method> <!-- loginwithCorrectInfoPassword -->
        <test-method signature="loginwithCorrectInfoPassword(java.lang.String, java.lang.String)[pri:0, instance:LoginData.LoginWithCorrectInfo@7c214cc0]" started-at="2024-09-19T14:42:54Z" name="loginwithCorrectInfoPassword" data-provider="logindata" finished-at="2024-09-19T14:43:10Z" duration-ms="15615" status="PASS">
          <params>
            <param index="0">
              <value>
                <![CDATA[admin]]>
              </value>
            </param>
            <param index="1">
              <value>
                <![CDATA[admin123]]>
              </value>
            </param>
          </params>
          <reporter-output>
          </reporter-output>
        </test-method> <!-- loginwithCorrectInfoPassword -->
      </class> <!-- LoginData.LoginWithCorrectInfo -->
    </test> <!-- Default test -->
  </suite> <!-- Default suite -->
</testng-results>
